<?xml version="1.0" encoding="UTF-8"?>
<!-- Generated by org.testng.reporters.JUnitReportReporter -->
<testsuite skipped="0" hostname="DESKTOP-K3FHSFB" name="com.crm.qa.testcase.LoginPageTest" tests="3" failures="0" timestamp="27 Jan 2019 07:17:47 GMT" time="60.591" errors="0">
  <testcase name="validatePageTitleTest" time="17.686" classname="com.crm.qa.testcase.LoginPageTest"/>
  <testcase name="validateCRMLogoTest" time="17.872" classname="com.crm.qa.testcase.LoginPageTest"/>
  <testcase name="loginTest" time="25.033" classname="com.crm.qa.testcase.LoginPageTest"/>
</testsuite> <!-- com.crm.qa.testcase.LoginPageTest -->
