<?xml version="1.0" encoding="UTF-8"?>
<!-- Generated by org.testng.reporters.JUnitReportReporter -->
<testsuite skipped="0" hostname="DESKTOP-K3FHSFB" name="com.crm.qa.testcase.LoginPageTest" tests="3" failures="0" timestamp="12 Jan 2019 12:25:05 GMT" time="116.938" errors="0">
  <testcase name="validatePageTitleTest" time="26.140" classname="com.crm.qa.testcase.LoginPageTest"/>
  <testcase name="validateCRMLogoTest" time="31.368" classname="com.crm.qa.testcase.LoginPageTest"/>
  <testcase name="loginTest" time="59.430" classname="com.crm.qa.testcase.LoginPageTest"/>
</testsuite> <!-- com.crm.qa.testcase.LoginPageTest -->
