<?xml version="1.0" encoding="UTF-8"?>
<!-- Generated by org.testng.reporters.JUnitReportReporter -->
<testsuite skipped="5" hostname="DESKTOP-K3FHSFB" name="com.crm.qa.testcase.ContactsPageTest" tests="6" failures="0" timestamp="27 Jan 2019 05:04:38 GMT" time="23.516" errors="1">
  <testcase name="openBrowser" time="23.497" classname="com.crm.qa.testcase.ContactsPageTest">
    <error type="java.lang.NullPointerException">
      <![CDATA[java.lang.NullPointerException
	at com.crm.qa.util.TestUtil.switchToFrame(TestUtil.java:61)
	at com.crm.qa.testcase.ContactsPageTest.openBrowser(ContactsPageTest.java:35)
	at sun.reflect.NativeMethodAccessorImpl.invoke0(Native Method)
	at sun.reflect.NativeMethodAccessorImpl.invoke(NativeMethodAccessorImpl.java:62)
	at sun.reflect.DelegatingMethodAccessorImpl.invoke(DelegatingMethodAccessorImpl.java:43)
	at java.lang.reflect.Method.invoke(Method.java:498)
	at org.testng.internal.MethodInvocationHelper.invokeMethod(MethodInvocationHelper.java:108)
	at org.testng.internal.Invoker.invokeConfigurationMethod(Invoker.java:523)
	at org.testng.internal.Invoker.invokeConfigurations(Invoker.java:224)
	at org.testng.internal.Invoker.invokeMethod(Invoker.java:599)
	at org.testng.internal.Invoker.invokeTestMethod(Invoker.java:869)
	at org.testng.internal.Invoker.invokeTestMethods(Invoker.java:1193)
	at org.testng.internal.TestMethodWorker.invokeTestMethods(TestMethodWorker.java:126)
	at org.testng.internal.TestMethodWorker.run(TestMethodWorker.java:109)
	at org.testng.TestRunner.privateRun(TestRunner.java:744)
	at org.testng.TestRunner.run(TestRunner.java:602)
	at org.testng.SuiteRunner.runTest(SuiteRunner.java:380)
	at org.testng.SuiteRunner.runSequentially(SuiteRunner.java:375)
	at org.testng.SuiteRunner.privateRun(SuiteRunner.java:340)
	at org.testng.SuiteRunner.run(SuiteRunner.java:289)
	at org.testng.SuiteRunnerWorker.runSuite(SuiteRunnerWorker.java:52)
	at org.testng.SuiteRunnerWorker.run(SuiteRunnerWorker.java:86)
	at org.testng.TestNG.runSuitesSequentially(TestNG.java:1301)
	at org.testng.TestNG.runSuitesLocally(TestNG.java:1226)
	at org.testng.TestNG.runSuites(TestNG.java:1144)
	at org.testng.TestNG.run(TestNG.java:1115)
	at org.apache.maven.surefire.testng.TestNGExecutor.run(TestNGExecutor.java:283)
	at org.apache.maven.surefire.testng.TestNGXmlTestSuite.execute(TestNGXmlTestSuite.java:75)
	at org.apache.maven.surefire.testng.TestNGProvider.invoke(TestNGProvider.java:120)
	at org.apache.maven.surefire.booter.ForkedBooter.invokeProviderInSameClassLoader(ForkedBooter.java:384)
	at org.apache.maven.surefire.booter.ForkedBooter.runSuitesInProcess(ForkedBooter.java:345)
	at org.apache.maven.surefire.booter.ForkedBooter.execute(ForkedBooter.java:126)
	at org.apache.maven.surefire.booter.ForkedBooter.main(ForkedBooter.java:418)
]]>
    </error>
  </testcase> <!-- openBrowser -->
  <testcase name="verifyContactPageTest" time="0.019" classname="com.crm.qa.testcase.ContactsPageTest">
    <skipped/>
  </testcase> <!-- verifyContactPageTest -->
  <testcase name="selectContactTest" time="0.000" classname="com.crm.qa.testcase.ContactsPageTest">
    <skipped/>
  </testcase> <!-- selectContactTest -->
  <testcase name="createContactTest" time="0.000" classname="com.crm.qa.testcase.ContactsPageTest">
    <skipped/>
  </testcase> <!-- createContactTest -->
  <testcase name="createContactTest" time="0.000" classname="com.crm.qa.testcase.ContactsPageTest">
    <skipped/>
  </testcase> <!-- createContactTest -->
  <testcase name="createContactTest" time="0.000" classname="com.crm.qa.testcase.ContactsPageTest">
    <skipped/>
  </testcase> <!-- createContactTest -->
</testsuite> <!-- com.crm.qa.testcase.ContactsPageTest -->
